Started by user [8mha:////4EubDzcc5+rlsLvkKzUGX9HGHvL3A7UoTK0UQk+uhfcJAAAAoB+LCAAAAAAAAP9b85aBtbiIQTGjNKU4P08vOT+vOD8nVc83PyU1x6OyILUoJzMv2y+/JJUBAhiZGBgqihhk0NSjKDWzXb3RdlLBUSYGJk8GtpzUvPSSDB8G5tKinBIGIZ+sxLJE/ZzEvHT94JKizLx0a6BxUmjGOUNodHsLgAy+EgYR/dLi1CL9lNSy/ILi+KzUvOzMvGIAwgdRX8kAAAA=[0mDevOps Jenkins
Building remotely on [8mha:////4MAZxWbffkyz1ImCZoKHl+nf69iy/LCs6qiu27zTGNrbAAAAqh+LCAAAAAAAAP9b85aBtbiIQTGjNKU4P08vOT+vOD8nVc83PyU1x6OyILUoJzMv2y+/JJUBAhiZGBgqihhk0NSjKDWzXb3RdlLBUSYGJk8GtpzUvPSSDB8G5tKinBIGIZ+sxLJE/ZzEvHT94JKizLx0a6BxUmjGOUNodHsLgAzREgZ5/eT83ILSktQi/cTyYt3UZCNdoNWlFbrFOYllqbqGAKMcMzPUAAAA[0maws-ec2-linux-slave-1 in workspace /opt/jenkins/workspace/Java DevOps/sbx-webapp-release
Cloning the remote Git repository
Cloning repository https://gitlab.com/sairamkrishna1235/foss.git
 > git init /opt/jenkins/workspace/Java DevOps/sbx-webapp-release # timeout=10
Fetching upstream changes from https://gitlab.com/sairamkrishna1235/foss.git
 > git --version # timeout=10
using GIT_ASKPASS to set credentials 
 > git fetch --tags --progress https://gitlab.com/sairamkrishna1235/foss.git +refs/heads/*:refs/remotes/origin/*
 > git config remote.origin.url https://gitlab.com/sairamkrishna1235/foss.git # timeout=10
 > git config --add remote.origin.fetch +refs/heads/*:refs/remotes/origin/* # timeout=10
 > git config remote.origin.url https://gitlab.com/sairamkrishna1235/foss.git # timeout=10
Fetching upstream changes from https://gitlab.com/sairamkrishna1235/foss.git
using GIT_ASKPASS to set credentials 
 > git fetch --tags --progress https://gitlab.com/sairamkrishna1235/foss.git +refs/heads/*:refs/remotes/origin/*
 > git rev-parse refs/remotes/origin/master^{commit} # timeout=10
 > git rev-parse refs/remotes/origin/origin/master^{commit} # timeout=10
Checking out Revision ee7912fa231bb1dd69623582024a482748fe0387 (refs/remotes/origin/master)
Commit message: "Initial release"
 > git config core.sparsecheckout # timeout=10
 > git checkout -f ee7912fa231bb1dd69623582024a482748fe0387
First time build. Skipping changelog.
[sbx-webapp-release] $ /opt/maven/apache-maven-3.5.0/bin/mvn -f ./sbx-java-webapp/pom.xml -s /home/ec2-user/settings.xml clean deploy
POM file ./sbx-java-webapp/pom.xml specified with the -f/--file command line argument does not exist
[INFO] Scanning for projects...
[8mha:////4ODJODWCx60b4OY+emzwAMSfcL+XZa30BzYNIg+ufnlpAAAAYB+LCAAAAAAAAP9b85aBtbiIQSmjNKU4P0+vJLE4u1gvPjexLDVPzxdEuhYV5Rf55ZekOlc7RKnPKH7IxMBQUcQgBdWQnJ9XnJ+TqucMoUEKGSCAEaSwAACsNFCqYAAAAA==[0m[ERROR] [ERROR] Some problems were encountered while processing the POMs:
[FATAL] Non-readable POM /opt/jenkins/workspace/Java DevOps/sbx-webapp-release/./sbx-java-webapp/pom.xml: /opt/jenkins/workspace/Java DevOps/sbx-webapp-release/./sbx-java-webapp/pom.xml (No such file or directory) @ 
 @ 
[8mha:////4ODJODWCx60b4OY+emzwAMSfcL+XZa30BzYNIg+ufnlpAAAAYB+LCAAAAAAAAP9b85aBtbiIQSmjNKU4P0+vJLE4u1gvPjexLDVPzxdEuhYV5Rf55ZekOlc7RKnPKH7IxMBQUcQgBdWQnJ9XnJ+TqucMoUEKGSCAEaSwAACsNFCqYAAAAA==[0m[ERROR] The build could not read 1 project -> [Help 1]
[8mha:////4ODJODWCx60b4OY+emzwAMSfcL+XZa30BzYNIg+ufnlpAAAAYB+LCAAAAAAAAP9b85aBtbiIQSmjNKU4P0+vJLE4u1gvPjexLDVPzxdEuhYV5Rf55ZekOlc7RKnPKH7IxMBQUcQgBdWQnJ9XnJ+TqucMoUEKGSCAEaSwAACsNFCqYAAAAA==[0m[ERROR]   
[8mha:////4ODJODWCx60b4OY+emzwAMSfcL+XZa30BzYNIg+ufnlpAAAAYB+LCAAAAAAAAP9b85aBtbiIQSmjNKU4P0+vJLE4u1gvPjexLDVPzxdEuhYV5Rf55ZekOlc7RKnPKH7IxMBQUcQgBdWQnJ9XnJ+TqucMoUEKGSCAEaSwAACsNFCqYAAAAA==[0m[ERROR]   The project  (/opt/jenkins/workspace/Java DevOps/sbx-webapp-release/./sbx-java-webapp/pom.xml) has 1 error
[8mha:////4ODJODWCx60b4OY+emzwAMSfcL+XZa30BzYNIg+ufnlpAAAAYB+LCAAAAAAAAP9b85aBtbiIQSmjNKU4P0+vJLE4u1gvPjexLDVPzxdEuhYV5Rf55ZekOlc7RKnPKH7IxMBQUcQgBdWQnJ9XnJ+TqucMoUEKGSCAEaSwAACsNFCqYAAAAA==[0m[ERROR]     Non-readable POM /opt/jenkins/workspace/Java DevOps/sbx-webapp-release/./sbx-java-webapp/pom.xml: /opt/jenkins/workspace/Java DevOps/sbx-webapp-release/./sbx-java-webapp/pom.xml (No such file or directory)
[8mha:////4ODJODWCx60b4OY+emzwAMSfcL+XZa30BzYNIg+ufnlpAAAAYB+LCAAAAAAAAP9b85aBtbiIQSmjNKU4P0+vJLE4u1gvPjexLDVPzxdEuhYV5Rf55ZekOlc7RKnPKH7IxMBQUcQgBdWQnJ9XnJ+TqucMoUEKGSCAEaSwAACsNFCqYAAAAA==[0m[ERROR] 
[8mha:////4ODJODWCx60b4OY+emzwAMSfcL+XZa30BzYNIg+ufnlpAAAAYB+LCAAAAAAAAP9b85aBtbiIQSmjNKU4P0+vJLE4u1gvPjexLDVPzxdEuhYV5Rf55ZekOlc7RKnPKH7IxMBQUcQgBdWQnJ9XnJ+TqucMoUEKGSCAEaSwAACsNFCqYAAAAA==[0m[ERROR] To see the full stack trace of the errors, re-run Maven with the -e switch.
[8mha:////4ODJODWCx60b4OY+emzwAMSfcL+XZa30BzYNIg+ufnlpAAAAYB+LCAAAAAAAAP9b85aBtbiIQSmjNKU4P0+vJLE4u1gvPjexLDVPzxdEuhYV5Rf55ZekOlc7RKnPKH7IxMBQUcQgBdWQnJ9XnJ+TqucMoUEKGSCAEaSwAACsNFCqYAAAAA==[0m[ERROR] Re-run Maven using the -X switch to enable full debug logging.
[8mha:////4ODJODWCx60b4OY+emzwAMSfcL+XZa30BzYNIg+ufnlpAAAAYB+LCAAAAAAAAP9b85aBtbiIQSmjNKU4P0+vJLE4u1gvPjexLDVPzxdEuhYV5Rf55ZekOlc7RKnPKH7IxMBQUcQgBdWQnJ9XnJ+TqucMoUEKGSCAEaSwAACsNFCqYAAAAA==[0m[ERROR] 
[8mha:////4ODJODWCx60b4OY+emzwAMSfcL+XZa30BzYNIg+ufnlpAAAAYB+LCAAAAAAAAP9b85aBtbiIQSmjNKU4P0+vJLE4u1gvPjexLDVPzxdEuhYV5Rf55ZekOlc7RKnPKH7IxMBQUcQgBdWQnJ9XnJ+TqucMoUEKGSCAEaSwAACsNFCqYAAAAA==[0m[ERROR] For more information about the errors and possible solutions, please read the following articles:
[8mha:////4ODJODWCx60b4OY+emzwAMSfcL+XZa30BzYNIg+ufnlpAAAAYB+LCAAAAAAAAP9b85aBtbiIQSmjNKU4P0+vJLE4u1gvPjexLDVPzxdEuhYV5Rf55ZekOlc7RKnPKH7IxMBQUcQgBdWQnJ9XnJ+TqucMoUEKGSCAEaSwAACsNFCqYAAAAA==[0m[ERROR] [Help 1] http://cwiki.apache.org/confluence/display/MAVEN/ProjectBuildingException
Build step 'Invoke top-level Maven targets' marked build as failure
Finished: FAILURE
