Started by user [8mha:////4EubDzcc5+rlsLvkKzUGX9HGHvL3A7UoTK0UQk+uhfcJAAAAoB+LCAAAAAAAAP9b85aBtbiIQTGjNKU4P08vOT+vOD8nVc83PyU1x6OyILUoJzMv2y+/JJUBAhiZGBgqihhk0NSjKDWzXb3RdlLBUSYGJk8GtpzUvPSSDB8G5tKinBIGIZ+sxLJE/ZzEvHT94JKizLx0a6BxUmjGOUNodHsLgAy+EgYR/dLi1CL9lNSy/ILi+KzUvOzMvGIAwgdRX8kAAAA=[0mDevOps Jenkins
Building remotely on [8mha:////4MAZxWbffkyz1ImCZoKHl+nf69iy/LCs6qiu27zTGNrbAAAAqh+LCAAAAAAAAP9b85aBtbiIQTGjNKU4P08vOT+vOD8nVc83PyU1x6OyILUoJzMv2y+/JJUBAhiZGBgqihhk0NSjKDWzXb3RdlLBUSYGJk8GtpzUvPSSDB8G5tKinBIGIZ+sxLJE/ZzEvHT94JKizLx0a6BxUmjGOUNodHsLgAzREgZ5/eT83ILSktQi/cTyYt3UZCNdoNWlFbrFOYllqbqGAKMcMzPUAAAA[0maws-ec2-linux-slave-1 in workspace /opt/jenkins/workspace/Java DevOps/complex-sbx-webapp-sonarqubescan
 > git rev-parse --is-inside-work-tree # timeout=10
Fetching changes from the remote Git repository
 > git config remote.origin.url https://gitlab.com/devlabs35/sonarqube-sbx.git # timeout=10
Fetching upstream changes from https://gitlab.com/devlabs35/sonarqube-sbx.git
 > git --version # timeout=10
using GIT_ASKPASS to set credentials 
 > git fetch --tags --progress https://gitlab.com/devlabs35/sonarqube-sbx.git +refs/heads/*:refs/remotes/origin/*
 > git rev-parse refs/remotes/origin/master^{commit} # timeout=10
 > git rev-parse refs/remotes/origin/origin/master^{commit} # timeout=10
Checking out Revision 72cc88d6083ba1ba91e9e31932ba54a9b9c58602 (refs/remotes/origin/master)
Commit message: "sonarscan via maven "
 > git config core.sparsecheckout # timeout=10
 > git checkout -f 72cc88d6083ba1ba91e9e31932ba54a9b9c58602
 > git rev-list 72cc88d6083ba1ba91e9e31932ba54a9b9c58602 # timeout=10
[complex-sbx-webapp-sonarqubescan] $ /opt/maven/apache-maven-3.5.0/bin/mvn clean test
[INFO] Scanning for projects...
[INFO] ------------------------------------------------------------------------
[INFO] BUILD FAILURE
[INFO] ------------------------------------------------------------------------
[INFO] Total time: 0.153 s
[INFO] Finished at: 2017-09-25T19:27:42-04:00
[INFO] Final Memory: 5M/15M
[INFO] ------------------------------------------------------------------------
[8mha:////4ODJODWCx60b4OY+emzwAMSfcL+XZa30BzYNIg+ufnlpAAAAYB+LCAAAAAAAAP9b85aBtbiIQSmjNKU4P0+vJLE4u1gvPjexLDVPzxdEuhYV5Rf55ZekOlc7RKnPKH7IxMBQUcQgBdWQnJ9XnJ+TqucMoUEKGSCAEaSwAACsNFCqYAAAAA==[0m[ERROR] The goal you specified requires a project to execute but there is no POM in this directory (/opt/jenkins/workspace/Java DevOps/complex-sbx-webapp-sonarqubescan). Please verify you invoked Maven from the correct directory. -> [Help 1]
[8mha:////4ODJODWCx60b4OY+emzwAMSfcL+XZa30BzYNIg+ufnlpAAAAYB+LCAAAAAAAAP9b85aBtbiIQSmjNKU4P0+vJLE4u1gvPjexLDVPzxdEuhYV5Rf55ZekOlc7RKnPKH7IxMBQUcQgBdWQnJ9XnJ+TqucMoUEKGSCAEaSwAACsNFCqYAAAAA==[0m[ERROR] 
[8mha:////4ODJODWCx60b4OY+emzwAMSfcL+XZa30BzYNIg+ufnlpAAAAYB+LCAAAAAAAAP9b85aBtbiIQSmjNKU4P0+vJLE4u1gvPjexLDVPzxdEuhYV5Rf55ZekOlc7RKnPKH7IxMBQUcQgBdWQnJ9XnJ+TqucMoUEKGSCAEaSwAACsNFCqYAAAAA==[0m[ERROR] To see the full stack trace of the errors, re-run Maven with the -e switch.
[8mha:////4ODJODWCx60b4OY+emzwAMSfcL+XZa30BzYNIg+ufnlpAAAAYB+LCAAAAAAAAP9b85aBtbiIQSmjNKU4P0+vJLE4u1gvPjexLDVPzxdEuhYV5Rf55ZekOlc7RKnPKH7IxMBQUcQgBdWQnJ9XnJ+TqucMoUEKGSCAEaSwAACsNFCqYAAAAA==[0m[ERROR] Re-run Maven using the -X switch to enable full debug logging.
[8mha:////4ODJODWCx60b4OY+emzwAMSfcL+XZa30BzYNIg+ufnlpAAAAYB+LCAAAAAAAAP9b85aBtbiIQSmjNKU4P0+vJLE4u1gvPjexLDVPzxdEuhYV5Rf55ZekOlc7RKnPKH7IxMBQUcQgBdWQnJ9XnJ+TqucMoUEKGSCAEaSwAACsNFCqYAAAAA==[0m[ERROR] 
[8mha:////4ODJODWCx60b4OY+emzwAMSfcL+XZa30BzYNIg+ufnlpAAAAYB+LCAAAAAAAAP9b85aBtbiIQSmjNKU4P0+vJLE4u1gvPjexLDVPzxdEuhYV5Rf55ZekOlc7RKnPKH7IxMBQUcQgBdWQnJ9XnJ+TqucMoUEKGSCAEaSwAACsNFCqYAAAAA==[0m[ERROR] For more information about the errors and possible solutions, please read the following articles:
[8mha:////4ODJODWCx60b4OY+emzwAMSfcL+XZa30BzYNIg+ufnlpAAAAYB+LCAAAAAAAAP9b85aBtbiIQSmjNKU4P0+vJLE4u1gvPjexLDVPzxdEuhYV5Rf55ZekOlc7RKnPKH7IxMBQUcQgBdWQnJ9XnJ+TqucMoUEKGSCAEaSwAACsNFCqYAAAAA==[0m[ERROR] [Help 1] http://cwiki.apache.org/confluence/display/MAVEN/MissingProjectException
Build step 'Invoke top-level Maven targets' marked build as failure
Finished: FAILURE
