Started by upstream project "[8mha:////4AaNajHsWQZNOOcGmiiqokY/nGwve+L1RjTqLGA1fTnvAAAAuh+LCAAAAAAAAP9b85aBtbiIQTGjNKU4P08vOT+vOD8nVc83PyU1x6OyILUoJzMv2y+/JJUBAhiZGBgqihhk0NSjKDWzXb3RdlLBUSYGJk8GtpzUvPSSDB8G5tKinBIGIZ+sxLJE/ZzEvHT94JKizLx0a6BxUmjGOUNodHsLgAz1EgZj/az8JH0voDmqRgYuqWX+BcVgkeKkCt3y1KTEggLdotSc1MTiVN2CzIJUoLNS9QEgoTB16AAAAA==[0mJava DevOps/sbx-webapp-release-pipeline" build number [8mha:////4CBJEjMInhutAXqrkUCwkSNEDqHnlWOHhkctc0H/THX/AAAAuh+LCAAAAAAAAP9b85aBtbiIQTGjNKU4P08vOT+vOD8nVc83PyU1x6OyILUoJzMv2y+/JJUBAhiZGBgqihhk0NSjKDWzXb3RdlLBUSYGJk8GtpzUvPSSDB8G5tKinBIGIZ+sxLJE/ZzEvHT94JKizLx0a6BxUmjGOUNodHsLQIwSBhP9rPwkfS+gOapGBi6pZf4FxWCR4qQK3fLUpMSCAt2i1JzUxOJU3YLMglSgs1L1DQHI9oNS6QAAAA==[0m1
originally caused by:
 Started by user [8mha:////4EubDzcc5+rlsLvkKzUGX9HGHvL3A7UoTK0UQk+uhfcJAAAAoB+LCAAAAAAAAP9b85aBtbiIQTGjNKU4P08vOT+vOD8nVc83PyU1x6OyILUoJzMv2y+/JJUBAhiZGBgqihhk0NSjKDWzXb3RdlLBUSYGJk8GtpzUvPSSDB8G5tKinBIGIZ+sxLJE/ZzEvHT94JKizLx0a6BxUmjGOUNodHsLgAy+EgYR/dLi1CL9lNSy/ILi+KzUvOzMvGIAwgdRX8kAAAA=[0mDevOps Jenkins
Building remotely on [8mha:////4MAZxWbffkyz1ImCZoKHl+nf69iy/LCs6qiu27zTGNrbAAAAqh+LCAAAAAAAAP9b85aBtbiIQTGjNKU4P08vOT+vOD8nVc83PyU1x6OyILUoJzMv2y+/JJUBAhiZGBgqihhk0NSjKDWzXb3RdlLBUSYGJk8GtpzUvPSSDB8G5tKinBIGIZ+sxLJE/ZzEvHT94JKizLx0a6BxUmjGOUNodHsLgAzREgZ5/eT83ILSktQi/cTyYt3UZCNdoNWlFbrFOYllqbqGAKMcMzPUAAAA[0maws-ec2-linux-slave-1 in workspace /opt/jenkins/workspace/Java DevOps/sbx-webapp-release
 > git rev-parse --is-inside-work-tree # timeout=10
Fetching changes from the remote Git repository
 > git config remote.origin.url https://gitlab.com/sairamkrishna1235/java-devops.git # timeout=10
Fetching upstream changes from https://gitlab.com/sairamkrishna1235/java-devops.git
 > git --version # timeout=10
using GIT_ASKPASS to set credentials 
 > git fetch --tags --progress https://gitlab.com/sairamkrishna1235/java-devops.git +refs/heads/*:refs/remotes/origin/*
 > git rev-parse refs/remotes/origin/master^{commit} # timeout=10
 > git rev-parse refs/remotes/origin/origin/master^{commit} # timeout=10
Checking out Revision 5a4668392bcf39c08bcfc59b539982654e431b90 (refs/remotes/origin/master)
Commit message: "adding missed servlet class"
 > git config core.sparsecheckout # timeout=10
 > git checkout -f 5a4668392bcf39c08bcfc59b539982654e431b90
 > git rev-list 3344b5c5b6cd05e6a96b4f30d8fdca5b2e73f9b1 # timeout=10
[sbx-webapp-release] $ /opt/maven/apache-maven-3.5.0/bin/mvn -f ./sbx-java-webapp/pom.xml -s /home/ec2-user/settings.xml clean versions:set versions:commit -DnewVersion=1.0.10
[INFO] Scanning for projects...
[INFO] 
[INFO] ------------------------------------------------------------------------
[INFO] Building java-webapp Maven Webapp 1.0.0
[INFO] ------------------------------------------------------------------------
[INFO] 
[8mha:////4L4J2Fnz7yKh8jWpuUxyQgJdChgJTatUbAmgn1Qi7/L6AAAAYB+LCAAAAAAAAP9b85aBtbiIQSmjNKU4P0+vJLE4u1gvPjexLDVPzxdEGvvmZ+X75ZekLlOVfvTjc8FPJgaGiiIGKaiG5Py84vycVD1nCA1SyAABjCCFBQCV27OjYAAAAA==[0m[INFO] --- maven-clean-plugin:2.5:clean (default-clean) @ sbx-java-webapp ---
[INFO] Deleting /opt/jenkins/workspace/Java DevOps/sbx-webapp-release/./sbx-java-webapp/target
[INFO] 
[INFO] ------------------------------------------------------------------------
[INFO] Building java-webapp Maven Webapp 1.0.0
[INFO] ------------------------------------------------------------------------
[INFO] 
[8mha:////4L4J2Fnz7yKh8jWpuUxyQgJdChgJTatUbAmgn1Qi7/L6AAAAYB+LCAAAAAAAAP9b85aBtbiIQSmjNKU4P0+vJLE4u1gvPjexLDVPzxdEGvvmZ+X75ZekLlOVfvTjc8FPJgaGiiIGKaiG5Py84vycVD1nCA1SyAABjCCFBQCV27OjYAAAAA==[0m[INFO] --- versions-maven-plugin:2.4:set (default-cli) @ sbx-java-webapp ---
[INFO] Searching for local aggregator root...
[INFO] Local aggregation root: /opt/jenkins/workspace/Java DevOps/sbx-webapp-release/./sbx-java-webapp
[INFO] Processing change of net.devops.training:sbx-java-webapp:1.0.0 -> 1.0.10
[INFO] Processing net.devops.training:sbx-java-webapp
[INFO]     Updating project net.devops.training:sbx-java-webapp
[INFO]         from version 1.0.0 to 1.0.10
[INFO] 
[INFO] 
[INFO] ------------------------------------------------------------------------
[INFO] Building java-webapp Maven Webapp 1.0.0
[INFO] ------------------------------------------------------------------------
[INFO] 
[8mha:////4L4J2Fnz7yKh8jWpuUxyQgJdChgJTatUbAmgn1Qi7/L6AAAAYB+LCAAAAAAAAP9b85aBtbiIQSmjNKU4P0+vJLE4u1gvPjexLDVPzxdEGvvmZ+X75ZekLlOVfvTjc8FPJgaGiiIGKaiG5Py84vycVD1nCA1SyAABjCCFBQCV27OjYAAAAA==[0m[INFO] --- versions-maven-plugin:2.4:commit (default-cli) @ sbx-java-webapp ---
[INFO] Accepting all changes to /opt/jenkins/workspace/Java DevOps/sbx-webapp-release/./sbx-java-webapp/pom.xml
[INFO] ------------------------------------------------------------------------
[INFO] BUILD SUCCESS
[INFO] ------------------------------------------------------------------------
[INFO] Total time: 2.214 s
[INFO] Finished at: 2017-09-10T04:37:16-04:00
[INFO] Final Memory: 12M/29M
[INFO] ------------------------------------------------------------------------
[sbx-webapp-release] $ /opt/maven/apache-maven-3.5.0/bin/mvn -f ./sbx-java-webapp/pom.xml -s /home/ec2-user/settings.xml deploy -Dnexus_rel_repo=${nexus-release-repo}
[INFO] Scanning for projects...
[INFO] 
[INFO] ------------------------------------------------------------------------
[INFO] Building java-webapp Maven Webapp 1.0.10
[INFO] ------------------------------------------------------------------------
[INFO] 
[8mha:////4L4J2Fnz7yKh8jWpuUxyQgJdChgJTatUbAmgn1Qi7/L6AAAAYB+LCAAAAAAAAP9b85aBtbiIQSmjNKU4P0+vJLE4u1gvPjexLDVPzxdEGvvmZ+X75ZekLlOVfvTjc8FPJgaGiiIGKaiG5Py84vycVD1nCA1SyAABjCCFBQCV27OjYAAAAA==[0m[INFO] --- maven-resources-plugin:2.6:resources (default-resources) @ sbx-java-webapp ---
[8mha:////4DLaJwWRf2f9hqaDc6l6y/s3ENU11UvfpG+QeEq/QIEZAAAAYx+LCAAAAAAAAP9b85aBtbiIQSWjNKU4P0+vJLE4u1gvPjexLDVPzxdEhicW5WXmpfvll6S2fNly5fzGzauYGBgqihikoFqS8/OK83NS9ZwhNEghAwQwghQWAACwxA+XYgAAAA==[0m[WARNING] Using platform encoding (UTF-8 actually) to copy filtered resources, i.e. build is platform dependent!
[INFO] skip non existing resourceDirectory /opt/jenkins/workspace/Java DevOps/sbx-webapp-release/./sbx-java-webapp/src/main/resources
[INFO] 
[8mha:////4L4J2Fnz7yKh8jWpuUxyQgJdChgJTatUbAmgn1Qi7/L6AAAAYB+LCAAAAAAAAP9b85aBtbiIQSmjNKU4P0+vJLE4u1gvPjexLDVPzxdEGvvmZ+X75ZekLlOVfvTjc8FPJgaGiiIGKaiG5Py84vycVD1nCA1SyAABjCCFBQCV27OjYAAAAA==[0m[INFO] --- maven-compiler-plugin:3.1:compile (default-compile) @ sbx-java-webapp ---
[INFO] Changes detected - recompiling the module!
[8mha:////4DLaJwWRf2f9hqaDc6l6y/s3ENU11UvfpG+QeEq/QIEZAAAAYx+LCAAAAAAAAP9b85aBtbiIQSWjNKU4P0+vJLE4u1gvPjexLDVPzxdEhicW5WXmpfvll6S2fNly5fzGzauYGBgqihikoFqS8/OK83NS9ZwhNEghAwQwghQWAACwxA+XYgAAAA==[0m[WARNING] File encoding has not been set, using platform encoding UTF-8, i.e. build is platform dependent!
[INFO] Compiling 1 source file to /opt/jenkins/workspace/Java DevOps/sbx-webapp-release/./sbx-java-webapp/target/classes
[INFO] -------------------------------------------------------------
[8mha:////4ODJODWCx60b4OY+emzwAMSfcL+XZa30BzYNIg+ufnlpAAAAYB+LCAAAAAAAAP9b85aBtbiIQSmjNKU4P0+vJLE4u1gvPjexLDVPzxdEuhYV5Rf55ZekOlc7RKnPKH7IxMBQUcQgBdWQnJ9XnJ+TqucMoUEKGSCAEaSwAACsNFCqYAAAAA==[0m[ERROR] COMPILATION ERROR : 
[INFO] -------------------------------------------------------------
[8mha:////4ODJODWCx60b4OY+emzwAMSfcL+XZa30BzYNIg+ufnlpAAAAYB+LCAAAAAAAAP9b85aBtbiIQSmjNKU4P0+vJLE4u1gvPjexLDVPzxdEuhYV5Rf55ZekOlc7RKnPKH7IxMBQUcQgBdWQnJ9XnJ+TqucMoUEKGSCAEaSwAACsNFCqYAAAAA==[0m[ERROR] No compiler is provided in this environment. Perhaps you are running on a JRE rather than a JDK?
[INFO] 1 error
[INFO] -------------------------------------------------------------
[INFO] ------------------------------------------------------------------------
[INFO] BUILD FAILURE
[INFO] ------------------------------------------------------------------------
[INFO] Total time: 1.421 s
[INFO] Finished at: 2017-09-10T04:37:19-04:00
[INFO] Final Memory: 7M/18M
[INFO] ------------------------------------------------------------------------
[8mha:////4ODJODWCx60b4OY+emzwAMSfcL+XZa30BzYNIg+ufnlpAAAAYB+LCAAAAAAAAP9b85aBtbiIQSmjNKU4P0+vJLE4u1gvPjexLDVPzxdEuhYV5Rf55ZekOlc7RKnPKH7IxMBQUcQgBdWQnJ9XnJ+TqucMoUEKGSCAEaSwAACsNFCqYAAAAA==[0m[ERROR] Failed to execute goal org.apache.maven.plugins:maven-compiler-plugin:3.1:compile (default-compile) on project sbx-java-webapp: Compilation failure
[8mha:////4ODJODWCx60b4OY+emzwAMSfcL+XZa30BzYNIg+ufnlpAAAAYB+LCAAAAAAAAP9b85aBtbiIQSmjNKU4P0+vJLE4u1gvPjexLDVPzxdEuhYV5Rf55ZekOlc7RKnPKH7IxMBQUcQgBdWQnJ9XnJ+TqucMoUEKGSCAEaSwAACsNFCqYAAAAA==[0m[ERROR] No compiler is provided in this environment. Perhaps you are running on a JRE rather than a JDK?
[8mha:////4ODJODWCx60b4OY+emzwAMSfcL+XZa30BzYNIg+ufnlpAAAAYB+LCAAAAAAAAP9b85aBtbiIQSmjNKU4P0+vJLE4u1gvPjexLDVPzxdEuhYV5Rf55ZekOlc7RKnPKH7IxMBQUcQgBdWQnJ9XnJ+TqucMoUEKGSCAEaSwAACsNFCqYAAAAA==[0m[ERROR] 
[8mha:////4ODJODWCx60b4OY+emzwAMSfcL+XZa30BzYNIg+ufnlpAAAAYB+LCAAAAAAAAP9b85aBtbiIQSmjNKU4P0+vJLE4u1gvPjexLDVPzxdEuhYV5Rf55ZekOlc7RKnPKH7IxMBQUcQgBdWQnJ9XnJ+TqucMoUEKGSCAEaSwAACsNFCqYAAAAA==[0m[ERROR] -> [Help 1]
[8mha:////4ODJODWCx60b4OY+emzwAMSfcL+XZa30BzYNIg+ufnlpAAAAYB+LCAAAAAAAAP9b85aBtbiIQSmjNKU4P0+vJLE4u1gvPjexLDVPzxdEuhYV5Rf55ZekOlc7RKnPKH7IxMBQUcQgBdWQnJ9XnJ+TqucMoUEKGSCAEaSwAACsNFCqYAAAAA==[0m[ERROR] 
[8mha:////4ODJODWCx60b4OY+emzwAMSfcL+XZa30BzYNIg+ufnlpAAAAYB+LCAAAAAAAAP9b85aBtbiIQSmjNKU4P0+vJLE4u1gvPjexLDVPzxdEuhYV5Rf55ZekOlc7RKnPKH7IxMBQUcQgBdWQnJ9XnJ+TqucMoUEKGSCAEaSwAACsNFCqYAAAAA==[0m[ERROR] To see the full stack trace of the errors, re-run Maven with the -e switch.
[8mha:////4ODJODWCx60b4OY+emzwAMSfcL+XZa30BzYNIg+ufnlpAAAAYB+LCAAAAAAAAP9b85aBtbiIQSmjNKU4P0+vJLE4u1gvPjexLDVPzxdEuhYV5Rf55ZekOlc7RKnPKH7IxMBQUcQgBdWQnJ9XnJ+TqucMoUEKGSCAEaSwAACsNFCqYAAAAA==[0m[ERROR] Re-run Maven using the -X switch to enable full debug logging.
[8mha:////4ODJODWCx60b4OY+emzwAMSfcL+XZa30BzYNIg+ufnlpAAAAYB+LCAAAAAAAAP9b85aBtbiIQSmjNKU4P0+vJLE4u1gvPjexLDVPzxdEuhYV5Rf55ZekOlc7RKnPKH7IxMBQUcQgBdWQnJ9XnJ+TqucMoUEKGSCAEaSwAACsNFCqYAAAAA==[0m[ERROR] 
[8mha:////4ODJODWCx60b4OY+emzwAMSfcL+XZa30BzYNIg+ufnlpAAAAYB+LCAAAAAAAAP9b85aBtbiIQSmjNKU4P0+vJLE4u1gvPjexLDVPzxdEuhYV5Rf55ZekOlc7RKnPKH7IxMBQUcQgBdWQnJ9XnJ+TqucMoUEKGSCAEaSwAACsNFCqYAAAAA==[0m[ERROR] For more information about the errors and possible solutions, please read the following articles:
[8mha:////4ODJODWCx60b4OY+emzwAMSfcL+XZa30BzYNIg+ufnlpAAAAYB+LCAAAAAAAAP9b85aBtbiIQSmjNKU4P0+vJLE4u1gvPjexLDVPzxdEuhYV5Rf55ZekOlc7RKnPKH7IxMBQUcQgBdWQnJ9XnJ+TqucMoUEKGSCAEaSwAACsNFCqYAAAAA==[0m[ERROR] [Help 1] http://cwiki.apache.org/confluence/display/MAVEN/MojoFailureException
Build step 'Invoke top-level Maven targets' marked build as failure
Finished: FAILURE
