Started by user [8mha:////4EubDzcc5+rlsLvkKzUGX9HGHvL3A7UoTK0UQk+uhfcJAAAAoB+LCAAAAAAAAP9b85aBtbiIQTGjNKU4P08vOT+vOD8nVc83PyU1x6OyILUoJzMv2y+/JJUBAhiZGBgqihhk0NSjKDWzXb3RdlLBUSYGJk8GtpzUvPSSDB8G5tKinBIGIZ+sxLJE/ZzEvHT94JKizLx0a6BxUmjGOUNodHsLgAy+EgYR/dLi1CL9lNSy/ILi+KzUvOzMvGIAwgdRX8kAAAA=[0mDevOps Jenkins
Building remotely on [8mha:////4MAZxWbffkyz1ImCZoKHl+nf69iy/LCs6qiu27zTGNrbAAAAqh+LCAAAAAAAAP9b85aBtbiIQTGjNKU4P08vOT+vOD8nVc83PyU1x6OyILUoJzMv2y+/JJUBAhiZGBgqihhk0NSjKDWzXb3RdlLBUSYGJk8GtpzUvPSSDB8G5tKinBIGIZ+sxLJE/ZzEvHT94JKizLx0a6BxUmjGOUNodHsLgAzREgZ5/eT83ILSktQi/cTyYt3UZCNdoNWlFbrFOYllqbqGAKMcMzPUAAAA[0maws-ec2-linux-slave-1 in workspace /opt/jenkins/workspace/Java DevOps/Jpetstore-SonarQubeScan
 > git rev-parse --is-inside-work-tree # timeout=10
Fetching changes from the remote Git repository
 > git config remote.origin.url https://gitlab.com/sairamkrishna1235/foss.git # timeout=10
Fetching upstream changes from https://gitlab.com/sairamkrishna1235/foss.git
 > git --version # timeout=10
using GIT_ASKPASS to set credentials 
 > git fetch --tags --progress https://gitlab.com/sairamkrishna1235/foss.git +refs/heads/*:refs/remotes/origin/*
 > git rev-parse refs/remotes/origin/master^{commit} # timeout=10
 > git rev-parse refs/remotes/origin/origin/master^{commit} # timeout=10
Checking out Revision ee7912fa231bb1dd69623582024a482748fe0387 (refs/remotes/origin/master)
Commit message: "Initial release"
 > git config core.sparsecheckout # timeout=10
 > git checkout -f ee7912fa231bb1dd69623582024a482748fe0387
 > git rev-list ee7912fa231bb1dd69623582024a482748fe0387 # timeout=10
[Jpetstore-SonarQubeScan] $ /opt/tools/sonar_runner/sonar-runner-2.4/bin/sonar-runner -e -Dsonar.host.url=http://ec2-52-90-165-29.compute-1.amazonaws.com:9000 ******** -Dsonar.projectName=foss35 -Dsonar.login=admin -Dsonar.projectVersion=1.0 -Dsonar.password=admin -Dsonar.projectKey=foss35 "-Dsonar.projectBaseDir=/opt/jenkins/workspace/Java DevOps/Jpetstore-SonarQubeScan"
SonarQube Runner 2.4
Java 1.8.0_131 Oracle Corporation (64-bit)
Linux 3.10.0-514.21.2.el7.x86_64 amd64
INFO: Error stacktraces are turned on.
INFO: Runner configuration file: /opt/tools/sonar_runner/sonar-runner-2.4/conf/sonar-runner.properties
INFO: Project configuration file: NONE
INFO: Default locale: "en_US", source code encoding: "UTF-8"
INFO: Work directory: /opt/jenkins/workspace/Java DevOps/Jpetstore-SonarQubeScan/.sonar
INFO: SonarQube Server 5.6.6
22:45:38.671 INFO  - Load global repositories
22:45:39.499 INFO  - Load global repositories (done) | time=830ms
22:45:39.517 INFO  - User cache: /home/ec2-user/.sonar/cache
22:45:39.784 INFO  - Load plugins index
22:45:39.790 INFO  - Load plugins index (done) | time=6ms
22:45:39.791 INFO  - Download sonar-csharp-plugin-5.0.jar
22:45:39.957 INFO  - Download sonar-java-plugin-3.13.1.jar
22:45:40.009 INFO  - Download sonar-scm-git-plugin-1.2.jar
22:45:40.069 INFO  - Download sonar-scm-svn-plugin-1.3.jar
22:45:40.162 INFO  - Download sonar-javascript-plugin-2.11.jar
22:45:40.781 INFO  - Process project properties
INFO: ------------------------------------------------------------------------
INFO: EXECUTION FAILURE
INFO: ------------------------------------------------------------------------
Total time: 3.259s
Final Memory: 7M/79M
INFO: ------------------------------------------------------------------------
ERROR: Error during Sonar runner execution
org.sonar.runner.impl.RunnerException: Unable to execute Sonar
	at org.sonar.runner.impl.BatchLauncher$1.delegateExecution(BatchLauncher.java:91)
	at org.sonar.runner.impl.BatchLauncher$1.run(BatchLauncher.java:75)
	at java.security.AccessController.doPrivileged(Native Method)
	at org.sonar.runner.impl.BatchLauncher.doExecute(BatchLauncher.java:69)
	at org.sonar.runner.impl.BatchLauncher.execute(BatchLauncher.java:50)
	at org.sonar.runner.api.EmbeddedRunner.doExecute(EmbeddedRunner.java:102)
	at org.sonar.runner.api.Runner.execute(Runner.java:100)
	at org.sonar.runner.Main.executeTask(Main.java:70)
	at org.sonar.runner.Main.execute(Main.java:59)
	at org.sonar.runner.Main.main(Main.java:53)
Caused by: You must define the following mandatory properties for 'foss35': sonar.sources
ERROR: 
ERROR: Re-run SonarQube Runner using the -X switch to enable full debug logging.
ERROR: SonarQube scanner exited with non-zero code: 1
[8mha:////4Nq+OXHc341blyoONIwhGGTxuquw8+9S7msFkIge88jLAAAAVx+LCAAAAAAAAP9b85aBtbiIQSmjNKU4P08vOT+vOD8nVc8DzHWtSE4tKMnMz/PLL0mV3NWzufebKBsTA0NFEYMUmgZnCA1SyAABjCCFBQC2xNaiYAAAAA==[0mFinished: FAILURE
