Started by user [8mha:////4EubDzcc5+rlsLvkKzUGX9HGHvL3A7UoTK0UQk+uhfcJAAAAoB+LCAAAAAAAAP9b85aBtbiIQTGjNKU4P08vOT+vOD8nVc83PyU1x6OyILUoJzMv2y+/JJUBAhiZGBgqihhk0NSjKDWzXb3RdlLBUSYGJk8GtpzUvPSSDB8G5tKinBIGIZ+sxLJE/ZzEvHT94JKizLx0a6BxUmjGOUNodHsLgAy+EgYR/dLi1CL9lNSy/ILi+KzUvOzMvGIAwgdRX8kAAAA=[0mDevOps Jenkins
Building remotely on [8mha:////4MAZxWbffkyz1ImCZoKHl+nf69iy/LCs6qiu27zTGNrbAAAAqh+LCAAAAAAAAP9b85aBtbiIQTGjNKU4P08vOT+vOD8nVc83PyU1x6OyILUoJzMv2y+/JJUBAhiZGBgqihhk0NSjKDWzXb3RdlLBUSYGJk8GtpzUvPSSDB8G5tKinBIGIZ+sxLJE/ZzEvHT94JKizLx0a6BxUmjGOUNodHsLgAzREgZ5/eT83ILSktQi/cTyYt3UZCNdoNWlFbrFOYllqbqGAKMcMzPUAAAA[0maws-ec2-linux-slave-1 in workspace /opt/jenkins/workspace/Java DevOps/Jpetstore-SonarQubeScan
 > git rev-parse --is-inside-work-tree # timeout=10
Fetching changes from the remote Git repository
 > git config remote.origin.url https://gitlab.com/sairamkrishna1235/foss.git # timeout=10
Fetching upstream changes from https://gitlab.com/sairamkrishna1235/foss.git
 > git --version # timeout=10
using GIT_ASKPASS to set credentials 
 > git fetch --tags --progress https://gitlab.com/sairamkrishna1235/foss.git +refs/heads/*:refs/remotes/origin/*
 > git rev-parse refs/remotes/origin/master^{commit} # timeout=10
 > git rev-parse refs/remotes/origin/origin/master^{commit} # timeout=10
Checking out Revision ee7912fa231bb1dd69623582024a482748fe0387 (refs/remotes/origin/master)
Commit message: "Initial release"
 > git config core.sparsecheckout # timeout=10
 > git checkout -f ee7912fa231bb1dd69623582024a482748fe0387
 > git rev-list ee7912fa231bb1dd69623582024a482748fe0387 # timeout=10
[Jpetstore-SonarQubeScan] $ /opt/maven/apache-maven-3.5.0/bin/mvn -f ./foss-parent/pom.xml -s /home/ec2-user/settings.xml clean install
[INFO] Scanning for projects...
[INFO] 
[INFO] ------------------------------------------------------------------------
[INFO] Building foss-parent 1.0.0
[INFO] ------------------------------------------------------------------------
[INFO] 
[8mha:////4L4J2Fnz7yKh8jWpuUxyQgJdChgJTatUbAmgn1Qi7/L6AAAAYB+LCAAAAAAAAP9b85aBtbiIQSmjNKU4P0+vJLE4u1gvPjexLDVPzxdEGvvmZ+X75ZekLlOVfvTjc8FPJgaGiiIGKaiG5Py84vycVD1nCA1SyAABjCCFBQCV27OjYAAAAA==[0m[INFO] --- maven-clean-plugin:2.5:clean (default-clean) @ foss-parent ---
[INFO] 
[8mha:////4L4J2Fnz7yKh8jWpuUxyQgJdChgJTatUbAmgn1Qi7/L6AAAAYB+LCAAAAAAAAP9b85aBtbiIQSmjNKU4P0+vJLE4u1gvPjexLDVPzxdEGvvmZ+X75ZekLlOVfvTjc8FPJgaGiiIGKaiG5Py84vycVD1nCA1SyAABjCCFBQCV27OjYAAAAA==[0m[INFO] --- maven-install-plugin:2.4:install (default-install) @ foss-parent ---
[INFO] Installing /opt/jenkins/workspace/Java DevOps/Jpetstore-SonarQubeScan/./foss-parent/pom.xml to /home/ec2-user/.m2/repository/devlabs35/foss/foss-parent/1.0.0/foss-parent-1.0.0.pom
[INFO] ------------------------------------------------------------------------
[INFO] BUILD SUCCESS
[INFO] ------------------------------------------------------------------------
[INFO] Total time: 0.734 s
[INFO] Finished at: 2017-07-30T20:48:10-04:00
[INFO] Final Memory: 6M/15M
[INFO] ------------------------------------------------------------------------
[Jpetstore-SonarQubeScan] $ /opt/tools/sonar_runner/sonar-runner-2.4/bin/sonar-runner -e -Dsonar.host.url=ec2-52-90-165-29.compute-1.amazonaws.com ******** -Dsonar.projectName=foss35 -Dsonar.projectVersion=1.0 -Dsonar.projectKey=foss35 "-Dsonar.projectBaseDir=/opt/jenkins/workspace/Java DevOps/Jpetstore-SonarQubeScan"
SonarQube Runner 2.4
Java 1.8.0_131 Oracle Corporation (64-bit)
Linux 3.10.0-514.21.2.el7.x86_64 amd64
INFO: Error stacktraces are turned on.
INFO: Runner configuration file: /opt/tools/sonar_runner/sonar-runner-2.4/conf/sonar-runner.properties
INFO: Project configuration file: NONE
INFO: Default locale: "en_US", source code encoding: "UTF-8" (analysis is platform dependent)
INFO: Work directory: /opt/jenkins/workspace/Java DevOps/Jpetstore-SonarQubeScan/.sonar
INFO: ------------------------------------------------------------------------
INFO: EXECUTION FAILURE
INFO: ------------------------------------------------------------------------
Total time: 0.018s
Final Memory: 0M/15M
INFO: ------------------------------------------------------------------------
ERROR: Error during Sonar runner execution
java.lang.IllegalStateException: Fail to request server version
	at org.sonar.runner.impl.ServerVersion.downloadVersion(ServerVersion.java:49)
	at org.sonar.runner.impl.ServerVersion.version(ServerVersion.java:38)
	at org.sonar.runner.impl.ServerVersion.is37Compatible(ServerVersion.java:58)
	at org.sonar.runner.impl.JarDownloader.checkVersionAndDownload(JarDownloader.java:36)
	at org.sonar.runner.impl.BatchLauncher$1.run(BatchLauncher.java:71)
	at java.security.AccessController.doPrivileged(Native Method)
	at org.sonar.runner.impl.BatchLauncher.doExecute(BatchLauncher.java:69)
	at org.sonar.runner.impl.BatchLauncher.execute(BatchLauncher.java:50)
	at org.sonar.runner.api.EmbeddedRunner.doExecute(EmbeddedRunner.java:102)
	at org.sonar.runner.api.Runner.execute(Runner.java:100)
	at org.sonar.runner.Main.executeTask(Main.java:70)
	at org.sonar.runner.Main.execute(Main.java:59)
	at org.sonar.runner.Main.main(Main.java:53)
Caused by: java.net.MalformedURLException: no protocol: ec2-52-90-165-29.compute-1.amazonaws.com/api/server/version
	at java.net.URL.<init>(URL.java:593)
	at java.net.URL.<init>(URL.java:490)
	at java.net.URL.<init>(URL.java:439)
	at org.sonar.runner.impl.ServerConnection.downloadString(ServerConnection.java:87)
	at org.sonar.runner.impl.ServerVersion.downloadVersion(ServerVersion.java:47)
	... 12 more
ERROR: 
ERROR: Re-run SonarQube Runner using the -X switch to enable full debug logging.
ERROR: SonarQube scanner exited with non-zero code: 1
[8mha:////4Nq+OXHc341blyoONIwhGGTxuquw8+9S7msFkIge88jLAAAAVx+LCAAAAAAAAP9b85aBtbiIQSmjNKU4P08vOT+vOD8nVc8DzHWtSE4tKMnMz/PLL0mV3NWzufebKBsTA0NFEYMUmgZnCA1SyAABjCCFBQC2xNaiYAAAAA==[0mFinished: FAILURE
